[2023-03-28T09:46:48.369+0300][gc,heap] Heap region size: 1M
[2023-03-28T09:46:48.381+0300][gc     ] Using G1
[2023-03-28T09:46:48.381+0300][gc,heap,coops] Heap address: 0x00000000c0000000, size: 1024 MB, Compressed Oops mode: 32-bit
[2023-03-28T09:46:48.381+0300][gc,cds       ] Mark closed archive regions in map: [0x00000000fff00000, 0x00000000fff6aff8]
[2023-03-28T09:46:48.381+0300][gc,cds       ] Mark open archive regions in map: [0x00000000ffe00000, 0x00000000ffe47ff8]
[2023-03-28T09:46:50.044+0300][gc,start     ] GC(0) Pause Young (Normal) (G1 Evacuation Pause)
[2023-03-28T09:46:50.045+0300][gc,task      ] GC(0) Using 4 workers of 4 for evacuation
[2023-03-28T09:46:50.087+0300][gc,mmu       ] GC(0) MMU target violated: 21,0ms (20,0ms/21,0ms)
[2023-03-28T09:46:50.087+0300][gc,phases    ] GC(0)   Pre Evacuate Collection Set: 0,0ms
[2023-03-28T09:46:50.087+0300][gc,phases    ] GC(0)   Evacuate Collection Set: 41,3ms
[2023-03-28T09:46:50.087+0300][gc,phases    ] GC(0)   Post Evacuate Collection Set: 0,7ms
[2023-03-28T09:46:50.087+0300][gc,phases    ] GC(0)   Other: 1,0ms
[2023-03-28T09:46:50.087+0300][gc,heap      ] GC(0) Eden regions: 51->0(44)
[2023-03-28T09:46:50.087+0300][gc,heap      ] GC(0) Survivor regions: 0->7(7)
[2023-03-28T09:46:50.087+0300][gc,heap      ] GC(0) Old regions: 2->2
[2023-03-28T09:46:50.087+0300][gc,heap      ] GC(0) Humongous regions: 0->0
[2023-03-28T09:46:50.087+0300][gc,metaspace ] GC(0) Metaspace: 14483K(15360K)->14483K(15360K) NonClass: 12465K(13056K)->12465K(13056K) Class: 2018K(2304K)->2018K(2304K)
[2023-03-28T09:46:50.087+0300][gc           ] GC(0) Pause Young (Normal) (G1 Evacuation Pause) 51M->7M(1024M) 43,036ms
[2023-03-28T09:46:50.087+0300][gc,cpu       ] GC(0) User=0,10s Sys=0,00s Real=0,04s
[2023-03-28T09:46:50.640+0300][gc,start     ] GC(1) Pause Young (Concurrent Start) (Metadata GC Threshold)
[2023-03-28T09:46:50.640+0300][gc,task      ] GC(1) Using 4 workers of 4 for evacuation
[2023-03-28T09:46:50.661+0300][gc,mmu       ] GC(1) MMU target violated: 20,2ms (20,0ms/21,0ms)
[2023-03-28T09:46:50.661+0300][gc,phases    ] GC(1)   Pre Evacuate Collection Set: 0,1ms
[2023-03-28T09:46:50.661+0300][gc,phases    ] GC(1)   Evacuate Collection Set: 19,5ms
[2023-03-28T09:46:50.661+0300][gc,phases    ] GC(1)   Post Evacuate Collection Set: 0,5ms
[2023-03-28T09:46:50.661+0300][gc,phases    ] GC(1)   Other: 0,3ms
[2023-03-28T09:46:50.661+0300][gc,heap      ] GC(1) Eden regions: 25->0(50)
[2023-03-28T09:46:50.661+0300][gc,heap      ] GC(1) Survivor regions: 7->1(7)
[2023-03-28T09:46:50.661+0300][gc,heap      ] GC(1) Old regions: 2->9
[2023-03-28T09:46:50.661+0300][gc,heap      ] GC(1) Humongous regions: 0->0
[2023-03-28T09:46:50.661+0300][gc,metaspace ] GC(1) Metaspace: 20575K(21248K)->20575K(21248K) NonClass: 17814K(18176K)->17814K(18176K) Class: 2761K(3072K)->2761K(3072K)
[2023-03-28T09:46:50.661+0300][gc           ] GC(1) Pause Young (Concurrent Start) (Metadata GC Threshold) 32M->8M(1024M) 20,435ms
[2023-03-28T09:46:50.661+0300][gc,cpu       ] GC(1) User=0,06s Sys=0,01s Real=0,02s
[2023-03-28T09:46:50.661+0300][gc           ] GC(2) Concurrent Cycle
[2023-03-28T09:46:50.661+0300][gc,marking   ] GC(2) Concurrent Clear Claimed Marks
[2023-03-28T09:46:50.661+0300][gc,marking   ] GC(2) Concurrent Clear Claimed Marks 0,055ms
[2023-03-28T09:46:50.661+0300][gc,marking   ] GC(2) Concurrent Scan Root Regions
[2023-03-28T09:46:50.663+0300][gc,marking   ] GC(2) Concurrent Scan Root Regions 2,183ms
[2023-03-28T09:46:50.663+0300][gc,marking   ] GC(2) Concurrent Mark (2,298s)
[2023-03-28T09:46:50.663+0300][gc,marking   ] GC(2) Concurrent Mark From Roots
[2023-03-28T09:46:50.663+0300][gc,task      ] GC(2) Using 1 workers of 1 for marking
[2023-03-28T09:46:50.675+0300][gc,marking   ] GC(2) Concurrent Mark From Roots 11,829ms
[2023-03-28T09:46:50.675+0300][gc,marking   ] GC(2) Concurrent Preclean
[2023-03-28T09:46:50.675+0300][gc,marking   ] GC(2) Concurrent Preclean 0,093ms
[2023-03-28T09:46:50.675+0300][gc,marking   ] GC(2) Concurrent Mark (2,298s, 2,310s) 11,969ms
[2023-03-28T09:46:50.675+0300][gc,start     ] GC(2) Pause Remark
[2023-03-28T09:46:50.677+0300][gc,stringtable] GC(2) Cleaned string and symbol table, strings: 5103 processed, 0 removed, symbols: 52133 processed, 59 removed
[2023-03-28T09:46:50.677+0300][gc            ] GC(2) Pause Remark 8M->8M(1024M) 1,974ms
[2023-03-28T09:46:50.677+0300][gc,cpu        ] GC(2) User=0,01s Sys=0,00s Real=0,00s
[2023-03-28T09:46:50.678+0300][gc,marking    ] GC(2) Concurrent Rebuild Remembered Sets
[2023-03-28T09:46:50.702+0300][gc,marking    ] GC(2) Concurrent Rebuild Remembered Sets 24,201ms
[2023-03-28T09:46:50.702+0300][gc,start      ] GC(2) Pause Cleanup
[2023-03-28T09:46:50.702+0300][gc            ] GC(2) Pause Cleanup 10M->10M(1024M) 0,245ms
[2023-03-28T09:46:50.702+0300][gc,cpu        ] GC(2) User=0,00s Sys=0,00s Real=0,00s
[2023-03-28T09:46:50.702+0300][gc,marking    ] GC(2) Concurrent Cleanup for Next Mark
[2023-03-28T09:46:50.712+0300][gc,marking    ] GC(2) Concurrent Cleanup for Next Mark 9,738ms
[2023-03-28T09:46:50.712+0300][gc            ] GC(2) Concurrent Cycle 51,330ms
[2023-03-28T09:46:51.614+0300][gc,start      ] GC(3) Pause Young (Normal) (G1 Evacuation Pause)
[2023-03-28T09:46:51.615+0300][gc,task       ] GC(3) Using 4 workers of 4 for evacuation
[2023-03-28T09:46:51.621+0300][gc,phases     ] GC(3)   Pre Evacuate Collection Set: 0,0ms
[2023-03-28T09:46:51.621+0300][gc,phases     ] GC(3)   Evacuate Collection Set: 5,8ms
[2023-03-28T09:46:51.621+0300][gc,phases     ] GC(3)   Post Evacuate Collection Set: 0,8ms
[2023-03-28T09:46:51.621+0300][gc,phases     ] GC(3)   Other: 0,3ms
[2023-03-28T09:46:51.622+0300][gc,heap       ] GC(3) Eden regions: 50->0(46)
[2023-03-28T09:46:51.622+0300][gc,heap       ] GC(3) Survivor regions: 1->5(7)
[2023-03-28T09:46:51.622+0300][gc,heap       ] GC(3) Old regions: 9->9
[2023-03-28T09:46:51.622+0300][gc,heap       ] GC(3) Humongous regions: 129->129
[2023-03-28T09:46:51.622+0300][gc,metaspace  ] GC(3) Metaspace: 29070K(30336K)->29070K(30336K) NonClass: 25356K(26112K)->25356K(26112K) Class: 3713K(4224K)->3713K(4224K)
[2023-03-28T09:46:51.622+0300][gc            ] GC(3) Pause Young (Normal) (G1 Evacuation Pause) 187M->140M(1024M) 7,146ms
[2023-03-28T09:46:51.622+0300][gc,cpu        ] GC(3) User=0,02s Sys=0,00s Real=0,00s
[2023-03-28T09:46:52.083+0300][gc,start      ] GC(4) Pause Young (Concurrent Start) (GCLocker Initiated GC)
[2023-03-28T09:46:52.083+0300][gc,task       ] GC(4) Using 4 workers of 4 for evacuation
[2023-03-28T09:46:52.097+0300][gc,phases     ] GC(4)   Pre Evacuate Collection Set: 0,1ms
[2023-03-28T09:46:52.097+0300][gc,phases     ] GC(4)   Evacuate Collection Set: 12,9ms
[2023-03-28T09:46:52.097+0300][gc,phases     ] GC(4)   Post Evacuate Collection Set: 0,6ms
[2023-03-28T09:46:52.097+0300][gc,phases     ] GC(4)   Other: 0,2ms
[2023-03-28T09:46:52.097+0300][gc,heap       ] GC(4) Eden regions: 29->0(45)
[2023-03-28T09:46:52.097+0300][gc,heap       ] GC(4) Survivor regions: 5->6(7)
[2023-03-28T09:46:52.097+0300][gc,heap       ] GC(4) Old regions: 9->10
[2023-03-28T09:46:52.097+0300][gc,heap       ] GC(4) Humongous regions: 129->129
[2023-03-28T09:46:52.097+0300][gc,metaspace  ] GC(4) Metaspace: 34432K(35968K)->34432K(35968K) NonClass: 30060K(30848K)->30060K(30848K) Class: 4372K(5120K)->4372K(5120K)
[2023-03-28T09:46:52.097+0300][gc            ] GC(4) Pause Young (Concurrent Start) (GCLocker Initiated GC) 168M->142M(1024M) 13,950ms
[2023-03-28T09:46:52.097+0300][gc,cpu        ] GC(4) User=0,04s Sys=0,00s Real=0,01s
[2023-03-28T09:46:52.097+0300][gc            ] GC(5) Concurrent Cycle
[2023-03-28T09:46:52.097+0300][gc,marking    ] GC(5) Concurrent Clear Claimed Marks
[2023-03-28T09:46:52.097+0300][gc,marking    ] GC(5) Concurrent Clear Claimed Marks 0,085ms
[2023-03-28T09:46:52.097+0300][gc,marking    ] GC(5) Concurrent Scan Root Regions
[2023-03-28T09:46:52.109+0300][gc,marking    ] GC(5) Concurrent Scan Root Regions 11,792ms
[2023-03-28T09:46:52.109+0300][gc,marking    ] GC(5) Concurrent Mark (3,744s)
[2023-03-28T09:46:52.109+0300][gc,marking    ] GC(5) Concurrent Mark From Roots
[2023-03-28T09:46:52.109+0300][gc,task       ] GC(5) Using 1 workers of 1 for marking
[2023-03-28T09:46:52.126+0300][gc,marking    ] GC(5) Concurrent Mark From Roots 16,971ms
[2023-03-28T09:46:52.126+0300][gc,marking    ] GC(5) Concurrent Preclean
[2023-03-28T09:46:52.126+0300][gc,marking    ] GC(5) Concurrent Preclean 0,138ms
[2023-03-28T09:46:52.126+0300][gc,marking    ] GC(5) Concurrent Mark (3,744s, 3,761s) 17,168ms
[2023-03-28T09:46:52.127+0300][gc,start      ] GC(5) Pause Remark
[2023-03-28T09:46:52.132+0300][gc,stringtable] GC(5) Cleaned string and symbol table, strings: 10505 processed, 13 removed, symbols: 84758 processed, 14 removed
[2023-03-28T09:46:52.132+0300][gc            ] GC(5) Pause Remark 145M->145M(1024M) 5,570ms
[2023-03-28T09:46:52.132+0300][gc,cpu        ] GC(5) User=0,02s Sys=0,00s Real=0,00s
[2023-03-28T09:46:52.132+0300][gc,marking    ] GC(5) Concurrent Rebuild Remembered Sets
[2023-03-28T09:46:52.145+0300][gc,marking    ] GC(5) Concurrent Rebuild Remembered Sets 12,230ms
[2023-03-28T09:46:52.150+0300][gc,start      ] GC(5) Pause Cleanup
[2023-03-28T09:46:52.151+0300][gc            ] GC(5) Pause Cleanup 146M->146M(1024M) 0,466ms
[2023-03-28T09:46:52.151+0300][gc,cpu        ] GC(5) User=0,00s Sys=0,00s Real=0,00s
[2023-03-28T09:46:52.151+0300][gc,marking    ] GC(5) Concurrent Cleanup for Next Mark
[2023-03-28T09:46:52.175+0300][gc,marking    ] GC(5) Concurrent Cleanup for Next Mark 24,060ms
[2023-03-28T09:46:52.175+0300][gc            ] GC(5) Concurrent Cycle 77,942ms
[2023-03-28T09:48:30.615+0300][gc,heap,exit  ] Heap
[2023-03-28T09:48:30.615+0300][gc,heap,exit  ]  garbage-first heap   total 1048576K, used 168437K [0x00000000c0000000, 0x0000000100000000)
[2023-03-28T09:48:30.615+0300][gc,heap,exit  ]   region size 1024K, 30 young (30720K), 6 survivors (6144K)
[2023-03-28T09:48:30.615+0300][gc,heap,exit  ]  Metaspace       used 37498K, capacity 39168K, committed 39296K, reserved 1083392K
[2023-03-28T09:48:30.615+0300][gc,heap,exit  ]   class space    used 4948K, capacity 5760K, committed 5760K, reserved 1048576K
